2021-10-31 07:20:12 - INFO  - GesparcBackend - 1.0.0-SNAPSHOT
2021-10-31 07:20:12 - INFO  - Listening port : 8080
2021-10-31 07:20:12 - INFO  - Configuration file : C:\DATA\Donnees\workspaces\workspace_apiprojects\gesparcbackend\gesparcbackend.conf
2021-10-31 07:20:12 - INFO  - Settings log level dynamically to : INFO
2021-10-31 07:20:12 - INFO  - GesparcBackend - 1.0.0-SNAPSHOT
2021-10-31 07:20:12 - INFO  - Listening port : 8080
2021-10-31 07:20:12 - INFO  - Configuration file : C:\DATA\Donnees\workspaces\workspace_apiprojects\gesparcbackend\gesparcbackend.conf
2021-10-31 07:20:12 - INFO  - Settings log level dynamically to : INFO
2021-10-31 07:20:12 - INFO  - Starting GesparcBackend using Java 15.0.2 on CCLPO5CG1091TLQ with PID 56664 (C:\DATA\Donnees\workspaces\workspace_apiprojects\gesparcbackend\gesparcbackend-app\target\classes started by KhalilAMDOUNI in C:\DATA\Donnees\workspaces\workspace_apiprojects\gesparcbackend\gesparcbackend-app)
2021-10-31 07:20:12 - INFO  - No active profile set, falling back to default profiles: default
2021-10-31 07:20:51 - INFO  - GesparcBackend - 1.0.0-SNAPSHOT
2021-10-31 07:20:51 - INFO  - Listening port : 8090
2021-10-31 07:20:51 - INFO  - Configuration file : C:\DATA\Donnees\workspaces\workspace_apiprojects\gesparcbackend\gesparcbackend.conf
2021-10-31 07:20:51 - INFO  - Settings log level dynamically to : WARN
2021-10-31 07:20:51 - INFO  - GesparcBackend - 1.0.0-SNAPSHOT
2021-10-31 07:20:51 - INFO  - Listening port : 8090
2021-10-31 07:20:51 - INFO  - Configuration file : C:\DATA\Donnees\workspaces\workspace_apiprojects\gesparcbackend\gesparcbackend.conf
2021-10-31 07:20:51 - INFO  - Settings log level dynamically to : WARN
2021-10-31 07:21:38 - INFO  - GesparcBackend - 1.0.0-SNAPSHOT
2021-10-31 07:21:38 - INFO  - Listening port : 8080
2021-10-31 07:21:38 - INFO  - Configuration file : C:\DATA\Donnees\workspaces\workspace_apiprojects\gesparcbackend\gesparcbackend.conf
2021-10-31 07:21:38 - INFO  - Settings log level dynamically to : INFO
2021-10-31 07:21:39 - INFO  - GesparcBackend - 1.0.0-SNAPSHOT
2021-10-31 07:21:39 - INFO  - Listening port : 8080
2021-10-31 07:21:39 - INFO  - Configuration file : C:\DATA\Donnees\workspaces\workspace_apiprojects\gesparcbackend\gesparcbackend.conf
2021-10-31 07:21:39 - INFO  - Settings log level dynamically to : INFO
2021-10-31 07:21:39 - INFO  - Starting GesparcBackend using Java 15.0.2 on CCLPO5CG1091TLQ with PID 65728 (C:\DATA\Donnees\workspaces\workspace_apiprojects\gesparcbackend\gesparcbackend-app\target\classes started by KhalilAMDOUNI in C:\DATA\Donnees\workspaces\workspace_apiprojects\gesparcbackend\gesparcbackend-app)
2021-10-31 07:21:39 - INFO  - No active profile set, falling back to default profiles: default
