2021-10-30 20:39:01 - INFO  - GesparcBackend - 1.0.0-SNAPSHOT
2021-10-30 20:39:01 - INFO  - Listening port : 8080
2021-10-30 20:39:01 - INFO  - Configuration file : gesparcbackend.conf
2021-10-30 20:39:01 - INFO  - Settings log level dynamically to : INFO
2021-10-30 20:39:01 - INFO  - GesparcBackend - 1.0.0-SNAPSHOT
2021-10-30 20:39:01 - INFO  - Listening port : 8080
2021-10-30 20:39:01 - INFO  - Configuration file : gesparcbackend.conf
2021-10-30 20:39:01 - INFO  - Settings log level dynamically to : INFO
2021-10-30 20:39:01 - INFO  - Starting GesparcBackend using Java 15.0.2 on CCLPO5CG1091TLQ with PID 51064 (C:\DATA\Donnees\workspaces\workspace_apiprojects\gesparcbackend\gesparcbackend-app\target\classes started by KhalilAMDOUNI in C:\DATA\Donnees\workspaces\workspace_apiprojects\gesparcbackend\gesparcbackend-app)
2021-10-30 20:39:01 - INFO  - No active profile set, falling back to default profiles: default
2021-10-30 21:15:05 - INFO  - GesparcBackend - 1.0.0-SNAPSHOT
2021-10-30 21:15:05 - INFO  - Listening port : 8080
2021-10-30 21:15:05 - INFO  - Configuration file : gesparcbackend.conf
2021-10-30 21:15:05 - INFO  - Settings log level dynamically to : INFO
2021-10-30 21:15:05 - INFO  - GesparcBackend - 1.0.0-SNAPSHOT
2021-10-30 21:15:05 - INFO  - Listening port : 8080
2021-10-30 21:15:05 - INFO  - Configuration file : gesparcbackend.conf
2021-10-30 21:15:05 - INFO  - Settings log level dynamically to : INFO
2021-10-30 21:15:06 - INFO  - Starting GesparcBackend using Java 15.0.2 on CCLPO5CG1091TLQ with PID 48348 (C:\DATA\Donnees\workspaces\workspace_apiprojects\gesparcbackend\gesparcbackend-app\target\classes started by KhalilAMDOUNI in C:\DATA\Donnees\workspaces\workspace_apiprojects\gesparcbackend\gesparcbackend-app)
2021-10-30 21:15:06 - INFO  - No active profile set, falling back to default profiles: default
